This is pdfTeX, Version 3.141592653-2.6-1.40.23 (TeX Live 2022/dev) (preloaded format=pdflatex 2021.11.22)  24 FEB 2022 20:10
entering extended mode
 restricted \write18 enabled.
 file:line:error style messages enabled.
 %&-line parsing enabled.
**js.sty
(./js.sty
LaTeX2e <2021-11-15>
L3 programming layer <2021-11-12>

LaTeX Warning: You have requested package `',
               but the package provides `js'.

Package: js 2021/11/14 js
(/usr/local/texlive/2021/texmf-dist/tex/generic/babel/babel.sty
Package: babel 2021/11/08 3.66 The Babel package
\babel@savecnt=\count183
\U@D=\dimen138
\l@unhyphenated=\language87

(/usr/local/texlive/2021/texmf-dist/tex/generic/babel/txtbabel.def)
\bbl@readstream=\read2
\bbl@dirlevel=\count184

/usr/local/texlive/2021/texmf-dist/tex/generic/babel/babel.sty:4235: Missing \e
ndcsname inserted.
<to be read again> 
                   \@classoptionslist 
l.4235     {}}
              
The control sequence marked <to be read again> should
not appear between \csname and \endcsname.

/usr/local/texlive/2021/texmf-dist/tex/generic/babel/babel.sty:4235: Extra \end
csname.
\bbl@ifunset #1->\ifcsname #1\endcsname 
                                        \expandafter \ifx \csname #1\endcsna...
l.4235     {}}
              
I'm ignoring this, since I wasn't doing a \csname.

/usr/local/texlive/2021/texmf-dist/tex/generic/babel/babel.sty:4235: Missing \e
ndcsname inserted.
<to be read again> 
                   \@classoptionslist 
l.4235     {}}
              
The control sequence marked <to be read again> should
not appear between \csname and \endcsname.

/usr/local/texlive/2021/texmf-dist/tex/generic/babel/babel.sty:4235: Extra \end
csname.
\bbl@ifunset ...ndafter \ifx \csname #1\endcsname 
                                                  \relax \bbl@afterelse \exp...
l.4235     {}}
              
I'm ignoring this, since I wasn't doing a \csname.

/usr/local/texlive/2021/texmf-dist/tex/generic/babel/babel.sty:4235: Missing en
dcsname inserted.
<to be read again> 
                   @classoptionslist 
l.4235     {}}
              
The control sequence marked <to be read again> should
not appear between \csname and \endcsname.

/usr/local/texlive/2021/texmf-dist/tex/generic/babel/babel.sty:4235: Use of ???
 doesn't match its definition.
<argument> ???  
                ! LaTeX3 Error: @classoptionslist invalid in file name. Lost...
l.4235     {}}
              
If you say, e.g., `\def\a1{...}', then you must always
put `1' after `\a', since control sequence names are
made up of letters only. The macro here has not been
followed by the required stuff, so I'm ignoring it.

/usr/local/texlive/2021/texmf-dist/tex/generic/babel/babel.sty:4235: Missing en
dcsname inserted.
<to be read again> 
                   @classoptionslist 
l.4235     {}}
              
The control sequence marked <to be read again> should
not appear between \csname and \endcsname.

/usr/local/texlive/2021/texmf-dist/tex/generic/babel/babel.sty:4235: Use of ???
 doesn't match its definition.
<argument> ???  
                ! LaTeX3 Error: @classoptionslist invalid in file name. Lost...
l.4235     {}}
              
If you say, e.g., `\def\a1{...}', then you must always
put `1' after `\a', since control sequence names are
made up of letters only. The macro here has not been
followed by the required stuff, so I'm ignoring it.

/usr/local/texlive/2021/texmf-dist/tex/generic/babel/babel.sty:4235: Missing en
dcsname inserted.
<to be read again> 
                   @classoptionslist 
l.4235     {}}
              
The control sequence marked <to be read again> should
not appear between \csname and \endcsname.

/usr/local/texlive/2021/texmf-dist/tex/generic/babel/babel.sty:4235: Use of ???
 doesn't match its definition.
<argument> ???  
                ! LaTeX3 Error: @classoptionslist invalid in file name. Lost...
l.4235     {}}
              
If you say, e.g., `\def\a1{...}', then you must always
put `1' after `\a', since control sequence names are
made up of letters only. The macro here has not been
followed by the required stuff, so I'm ignoring it.

/usr/local/texlive/2021/texmf-dist/tex/generic/babel/babel.sty:4235: Missing \e
ndcsname inserted.
<to be read again> 
                   \@classoptionslist 
l.4235     {}}
              
The control sequence marked <to be read again> should
not appear between \csname and \endcsname.

(/usr/local/texlive/2021/texmf-dist/tex/generic/babel-slovenian/slovene.ldf
Language: slovene 2021/02/06 v1.2n Slovene support from the babel system
Package babel Info: Making " an active character on input line 79.
)
/usr/local/texlive/2021/texmf-dist/tex/generic/babel/babel.sty:4253: Missing \e
ndcsname inserted.
<to be read again> 
                   \@classoptionslist 
l.4253 \ProcessOptions*
                       
The control sequence marked <to be read again> should
not appear between \csname and \endcsname.

/usr/local/texlive/2021/texmf-dist/tex/generic/babel/babel.sty:4253: Extra \end
csname.
<argument> ...csname ds@\CurrentOption \endcsname 
                                                  \relax 
l.4253 \ProcessOptions*
                       
I'm ignoring this, since I wasn't doing a \csname.

) (/usr/local/texlive/2021/texmf-dist/tex/latex/base/inputenc.sty
Package: inputenc 2021/02/14 v1.3d Input encoding file
\inpenc@prehook=\toks16
\inpenc@posthook=\toks17
)
(/usr/local/texlive/2021/texmf-dist/tex/latex/base/fontenc.sty
Package: fontenc 2021/04/29 v2.0v Standard LaTeX package
)

./js.sty:7: LaTeX Error: \usepackage before \documentclass.

See the LaTeX manual or LaTeX Companion for explanation.
Type  H <return>  for immediate help.
 ...                                              
                                                  
l.7 \usepackage{
                lmodern}
\usepackage may only appear in the document preamble, i.e.,
between \documentclass and \begin{document}.

(/usr/local/texlive/2021/texmf-dist/tex/latex/enumitem/enumitem.sty
Package: enumitem 2019/06/20 v3.9 Customized lists
\enitkv@toks@=\toks18
\labelindent=\skip47
\enit@outerparindent=\dimen139
\enit@toks=\toks19
\enit@inbox=\box50
\enit@count@id=\count185

/usr/local/texlive/2021/texmf-dist/tex/latex/enumitem/enumitem.sty:1084: Undefi
ned control sequence.
<argument> \scriptsize 
                       
l.1084 \SetEnumitemSize{script}\scriptsize
                                          
The control sequence at the end of the top line
of your error message was never \def'ed. If you have
misspelled it (e.g., `\hobx'), type `I' and the correct
spelling (e.g., `I\hbox'). Otherwise just continue,
and I'll forget about whatever was undefined.

/usr/local/texlive/2021/texmf-dist/tex/latex/enumitem/enumitem.sty:1085: Undefi
ned control sequence.
<argument> \tiny 
                 
l.1085 \SetEnumitemSize{tiny}\tiny
                                  
The control sequence at the end of the top line
of your error message was never \def'ed. If you have
misspelled it (e.g., `\hobx'), type `I' and the correct
spelling (e.g., `I\hbox'). Otherwise just continue,
and I'll forget about whatever was undefined.

/usr/local/texlive/2021/texmf-dist/tex/latex/enumitem/enumitem.sty:1086: Undefi
ned control sequence.
<argument> \footnotesize 
                         
l.1086 \SetEnumitemSize{footnote}\footnotesize
                                              
The control sequence at the end of the top line
of your error message was never \def'ed. If you have
misspelled it (e.g., `\hobx'), type `I' and the correct
spelling (e.g., `I\hbox'). Otherwise just continue,
and I'll forget about whatever was undefined.

/usr/local/texlive/2021/texmf-dist/tex/latex/enumitem/enumitem.sty:1087: Undefi
ned control sequence.
<argument> \small 
                  
l.1087 \SetEnumitemSize{small}\small
                                    
The control sequence at the end of the top line
of your error message was never \def'ed. If you have
misspelled it (e.g., `\hobx'), type `I' and the correct
spelling (e.g., `I\hbox'). Otherwise just continue,
and I'll forget about whatever was undefined.


/usr/local/texlive/2021/texmf-dist/tex/latex/enumitem/enumitem.sty:1088: LaTeX 
Error: The font size command \normalsize is not defined:
               there is probably something wrong with the class file.

See the LaTeX manual or LaTeX Companion for explanation.
Type  H <return>  for immediate help.
 ...                                              
                                                  
l.1088 \SetEnumitemSize{normal}\normalsize
                                          
Your command was ignored.
Type  I <command> <return>  to replace it with another command,
or  <return>  to continue without it.

/usr/local/texlive/2021/texmf-dist/tex/latex/enumitem/enumitem.sty:1089: Undefi
ned control sequence.
<argument> \large 
                  
l.1089 \SetEnumitemSize{large}\large
                                    
The control sequence at the end of the top line
of your error message was never \def'ed. If you have
misspelled it (e.g., `\hobx'), type `I' and the correct
spelling (e.g., `I\hbox'). Otherwise just continue,
and I'll forget about whatever was undefined.

/usr/local/texlive/2021/texmf-dist/tex/latex/enumitem/enumitem.sty:1090: Undefi
ned control sequence.
<argument> \Large 
                  
l.1090 \SetEnumitemSize{Large}\Large
                                    
The control sequence at the end of the top line
of your error message was never \def'ed. If you have
misspelled it (e.g., `\hobx'), type `I' and the correct
spelling (e.g., `I\hbox'). Otherwise just continue,
and I'll forget about whatever was undefined.

/usr/local/texlive/2021/texmf-dist/tex/latex/enumitem/enumitem.sty:1091: Undefi
ned control sequence.
<argument> \LARGE 
                  
l.1091 \SetEnumitemSize{LARGE}\LARGE
                                    
The control sequence at the end of the top line
of your error message was never \def'ed. If you have
misspelled it (e.g., `\hobx'), type `I' and the correct
spelling (e.g., `I\hbox'). Otherwise just continue,
and I'll forget about whatever was undefined.

/usr/local/texlive/2021/texmf-dist/tex/latex/enumitem/enumitem.sty:1092: Undefi
ned control sequence.
<argument> \huge 
                 
l.1092 \SetEnumitemSize{huge}\huge
                                  
The control sequence at the end of the top line
of your error message was never \def'ed. If you have
misspelled it (e.g., `\hobx'), type `I' and the correct
spelling (e.g., `I\hbox'). Otherwise just continue,
and I'll forget about whatever was undefined.

/usr/local/texlive/2021/texmf-dist/tex/latex/enumitem/enumitem.sty:1093: Undefi
ned control sequence.
<argument> \Huge 
                 
l.1093 \SetEnumitemSize{Huge}\Huge
                                  
The control sequence at the end of the top line
of your error message was never \def'ed. If you have
misspelled it (e.g., `\hobx'), type `I' and the correct
spelling (e.g., `I\hbox'). Otherwise just continue,
and I'll forget about whatever was undefined.

\enitdp@description=\count186

/usr/local/texlive/2021/texmf-dist/tex/latex/enumitem/enumitem.sty:1833: LaTeX 
Error: Environment description undefined.

See the LaTeX manual or LaTeX Companion for explanation.
Type  H <return>  for immediate help.
 ...                                              
                                                  
l.1833 \renewenvironment{description}
                                     [1][]
Try typing  <return>  to proceed.
If that doesn't work, type  X <return>  to quit.

) (/usr/local/texlive/2021/texmf-dist/tex/latex/amsmath/amsmath.sty
Package: amsmath 2021/10/15 v2.17l AMS math features
\@mathmargin=\skip48

For additional information on amsmath, use the `?' option.
(/usr/local/texlive/2021/texmf-dist/tex/latex/amsmath/amstext.sty
Package: amstext 2021/08/26 v2.01 AMS text

(/usr/local/texlive/2021/texmf-dist/tex/latex/amsmath/amsgen.sty
File: amsgen.sty 1999/11/30 v2.0 generic functions
\@emptytoks=\toks20
\ex@=\dimen140
))
(/usr/local/texlive/2021/texmf-dist/tex/latex/amsmath/amsbsy.sty
Package: amsbsy 1999/11/29 v1.2d Bold Symbols
\pmbraise@=\dimen141
)
(/usr/local/texlive/2021/texmf-dist/tex/latex/amsmath/amsopn.sty
Package: amsopn 2021/08/26 v2.02 operator names
)
\inf@bad=\count187
LaTeX Info: Redefining \frac on input line 234.
\uproot@=\count188
\leftroot@=\count189
LaTeX Info: Redefining \overline on input line 399.
\classnum@=\count190
\DOTSCASE@=\count191
LaTeX Info: Redefining \ldots on input line 496.
LaTeX Info: Redefining \dots on input line 499.
LaTeX Info: Redefining \cdots on input line 620.
\Mathstrutbox@=\box51
\strutbox@=\box52
\big@size=\dimen142
LaTeX Font Info:    Redeclaring font encoding OML on input line 743.
LaTeX Font Info:    Redeclaring font encoding OMS on input line 744.
\macc@depth=\count192
\c@MaxMatrixCols=\count193
\dotsspace@=\muskip16
\c@parentequation=\count194
\dspbrk@lvl=\count195
\tag@help=\toks21
\row@=\count196
\column@=\count197
\maxfields@=\count198
\andhelp@=\toks22
\eqnshift@=\dimen143
\alignsep@=\dimen144
\tagshift@=\dimen145
\tagwidth@=\dimen146
\totwidth@=\dimen147
\lineht@=\dimen148
\@envbody=\toks23
\multlinegap=\skip49
\multlinetaggap=\skip50
\mathdisplay@stack=\toks24
LaTeX Info: Redefining \[ on input line 2938.
LaTeX Info: Redefining \] on input line 2939.
)
(/usr/local/texlive/2021/texmf-dist/tex/latex/amscls/amsthm.sty
Package: amsthm 2020/05/29 v2.20.6
\thm@style=\toks25
\thm@bodyfont=\toks26
\thm@headfont=\toks27
\thm@notefont=\toks28
\thm@headpunct=\toks29
\thm@preskip=\skip51
\thm@postskip=\skip52
\thm@headsep=\skip53
\dth@everypar=\toks30
)
(/usr/local/texlive/2021/texmf-dist/tex/latex/jknapltx/mathrsfs.sty
Package: mathrsfs 1996/01/01 Math RSFS package v1.0 (jk)
\symrsfs=\mathgroup4
)
(/usr/local/texlive/2021/texmf-dist/tex/latex/amsfonts/amssymb.sty
Package: amssymb 2013/01/14 v3.01 AMS font symbols

(/usr/local/texlive/2021/texmf-dist/tex/latex/amsfonts/amsfonts.sty
Package: amsfonts 2013/01/14 v3.01 Basic AMSFonts support
\symAMSa=\mathgroup5
\symAMSb=\mathgroup6
LaTeX Font Info:    Redeclaring math symbol \hbar on input line 98.
LaTeX Font Info:    Overwriting math alphabet `\mathfrak' in version `bold'
(Font)                  U/euf/m/n --> U/euf/b/n on input line 106.
))
(/usr/local/texlive/2021/texmf-dist/tex/latex/mathtools/mathtools.sty
Package: mathtools 2021/04/12 v1.27 mathematical typesetting tools

(/usr/local/texlive/2021/texmf-dist/tex/latex/graphics/keyval.sty
Package: keyval 2014/10/28 v1.15 key=value parser (DPC)
\KV@toks@=\toks31
)
(/usr/local/texlive/2021/texmf-dist/tex/latex/tools/calc.sty
Package: calc 2017/05/25 v4.3 Infix arithmetic (KKT,FJ)
\calc@Acount=\count199
\calc@Bcount=\count266
\calc@Adimen=\dimen149
\calc@Bdimen=\dimen150
\calc@Askip=\skip54
\calc@Bskip=\skip55
LaTeX Info: Redefining \setlength on input line 80.
LaTeX Info: Redefining \addtolength on input line 81.
\calc@Ccount=\count267
\calc@Cskip=\skip56
)
(/usr/local/texlive/2021/texmf-dist/tex/latex/mathtools/mhsetup.sty
Package: mhsetup 2021/03/18 v1.4 programming setup (MH)
)
LaTeX Info: Thecontrolsequence`\('isalreadyrobust on input line 130.
LaTeX Info: Thecontrolsequence`\)'isalreadyrobust on input line 130.
LaTeX Info: Thecontrolsequence`\['isalreadyrobust on input line 130.
LaTeX Info: Thecontrolsequence`\]'isalreadyrobust on input line 130.
\g_MT_multlinerow_int=\count268
\l_MT_multwidth_dim=\dimen151
\origjot=\skip57
\l_MT_shortvdotswithinadjustabove_dim=\dimen152
\l_MT_shortvdotswithinadjustbelow_dim=\dimen153
\l_MT_above_intertext_sep=\dimen154
\l_MT_below_intertext_sep=\dimen155
\l_MT_above_shortintertext_sep=\dimen156
\l_MT_below_shortintertext_sep=\dimen157
\xmathstrut@box=\box53
\xmathstrut@dim=\dimen158
)
(/usr/local/texlive/2021/texmf-dist/tex/latex/etoolbox/etoolbox.sty
Package: etoolbox 2020/10/05 v2.5k e-TeX tools for LaTeX (JAW)
\etb@tempcnta=\count269
)
(/usr/local/texlive/2021/texmf-dist/tex/latex/esvect/esvect.sty
Package: esvect 
\symesvector=\mathgroup7
)
(/usr/local/texlive/2021/texmf-dist/tex/latex/float/float.sty
Package: float 2001/11/08 v1.3d Float enhancements (AL)
\c@float@type=\count270
\float@exts=\toks32
\float@box=\box54
\@float@everytoks=\toks33
\@floatcapt=\box55
)
(/usr/local/texlive/2021/texmf-dist/tex/latex/graphics/graphicx.sty
Package: graphicx 2021/09/16 v1.2d Enhanced LaTeX Graphics (DPC,SPQR)

(/usr/local/texlive/2021/texmf-dist/tex/latex/graphics/graphics.sty
Package: graphics 2021/03/04 v1.4d Standard LaTeX Graphics (DPC,SPQR)

(/usr/local/texlive/2021/texmf-dist/tex/latex/graphics/trig.sty
Package: trig 2021/08/11 v1.11 sin cos tan (DPC)
)
(/usr/local/texlive/2021/texmf-dist/tex/latex/graphics-cfg/graphics.cfg
File: graphics.cfg 2016/06/04 v1.11 sample graphics configuration
)
Package graphics Info: Driver file: pdftex.def on input line 107.

(/usr/local/texlive/2021/texmf-dist/tex/latex/graphics-def/pdftex.def
File: pdftex.def 2020/10/05 v1.2a Graphics/color driver for pdftex
))
\Gin@req@height=\dimen159
\Gin@req@width=\dimen160
)
(/usr/local/texlive/2021/texmf-dist/tex/latex/caption/subcaption.sty
Package: subcaption 2020/10/07 v1.3j Sub-captions (AR)

(/usr/local/texlive/2021/texmf-dist/tex/latex/caption/caption.sty
Package: caption 2020/10/26 v3.5g Customizing captions (AR)

(/usr/local/texlive/2021/texmf-dist/tex/latex/caption/caption3.sty
Package: caption3 2020/10/21 v2.2e caption3 kernel (AR)
\captionmargin=\dimen161
\captionmargin@=\dimen162
\captionwidth=\dimen163
\caption@tempdima=\dimen164
\caption@indent=\dimen165
\caption@parindent=\dimen166
\caption@hangindent=\dimen167
\abovecaptionskip=\skip58
\belowcaptionskip=\skip59
Package caption Info: Document class w/o caption stuff detected.
)
\c@caption@flags=\count271
\c@continuedfloat=\count272
Package caption Info: float package is loaded.
))
(/usr/local/texlive/2021/texmf-dist/tex/latex/wrapfig/wrapfig.sty
\wrapoverhang=\dimen168
\WF@size=\dimen169
\c@WF@wrappedlines=\count273
\WF@box=\box56
\WF@everypar=\toks34
Package: wrapfig 2003/01/31  v 3.6
)
(/usr/local/texlive/2021/texmf-dist/tex/latex/multirow/multirow.sty
Package: multirow 2021/03/15 v2.8 Span multiple rows of a table
\multirow@colwidth=\skip60
\multirow@cntb=\count274
\multirow@dima=\skip61
\bigstrutjot=\dimen170
)
(/usr/local/texlive/2021/texmf-dist/tex/latex/tools/array.sty
Package: array 2021/10/04 v2.5f Tabular extension package (FMi)
\col@sep=\dimen171
\ar@mcellbox=\box57
\extrarowheight=\dimen172
\NC@list=\toks35
\extratabsurround=\skip62
\backup@length=\skip63
\ar@cellbox=\box58
)

./js.sty:28: LaTeX Error: \usepackage before \documentclass.

See the LaTeX manual or LaTeX Companion for explanation.
Type  H <return>  for immediate help.
 ...                                              
                                                  
l.28 \usepackage{
                 tikz}
\usepackage may only appear in the document preamble, i.e.,
between \documentclass and \begin{document}.


./js.sty:31: LaTeX Error: \usepackage before \documentclass.

See the LaTeX manual or LaTeX Companion for explanation.
Type  H <return>  for immediate help.
 ...                                              
                                                  
l.31 \usepackage{
                 tikz-cd}
\usepackage may only appear in the document preamble, i.e.,
between \documentclass and \begin{document}.


./js.sty:32: LaTeX Error: \usepackage before \documentclass.

See the LaTeX manual or LaTeX Companion for explanation.
Type  H <return>  for immediate help.
 ...                                              
                                                  
l.32 \usepackage{
                 quiver}
\usepackage may only appear in the document preamble, i.e.,
between \documentclass and \begin{document}.

./js.sty:33: Undefined control sequence.
l.33 \usetikzlibrary
                    {babel}
The control sequence at the end of the top line
of your error message was never \def'ed. If you have
misspelled it (e.g., `\hobx'), type `I' and the correct
spelling (e.g., `I\hbox'). Otherwise just continue,
and I'll forget about whatever was undefined.


./js.sty:33: LaTeX Error: Missing \begin{document}.

See the LaTeX manual or LaTeX Companion for explanation.
Type  H <return>  for immediate help.
 ...                                              
                                                  
l.33 \usetikzlibrary{b
                      abel}
You're in trouble here.  Try typing  <return>  to proceed.
If that doesn't work, type  X <return>  to quit.


Overfull \hbox (43.60535pt too wide) in paragraph at lines 33--34
[]\T1/cmr/m/n/10 babel 
 []

)
! Emergency stop.
<*> js.sty
          
*** (job aborted, no legal \end found)

 
Here is how much of TeX's memory you used:
 5885 strings out of 478371
 96028 string characters out of 5848512
 410279 words of memory out of 5000000
 23978 multiletter control sequences out of 15000+600000
 404193 words of font info for 28 fonts, out of 8000000 for 9000
 1141 hyphenation exceptions out of 8191
 67i,0n,77p,300b,76s stack positions out of 5000i,500n,10000p,200000b,80000s
!  ==> Fatal error occurred, no output PDF file produced!
